2013/03/22 09:13:30 [error] [exception.CDbException] exception 'CDbException' with message 'CDbConnection failed to open the DB connection: SQLSTATE[HY000] [1045] Access denied for user 'oprecx'@'localhost' (using password: YES)' in C:\xampp\htdocs\framework\db\CDbConnection.php:381
Stack trace:
#0 C:\xampp\htdocs\framework\db\CDbConnection.php(330): CDbConnection->open()
#1 C:\xampp\htdocs\framework\db\CDbConnection.php(308): CDbConnection->setActive(true)
#2 C:\xampp\htdocs\framework\base\CModule.php(387): CDbConnection->init()
#3 C:\xampp\htdocs\framework\base\CApplication.php(438): CModule->getComponent('db')
#4 C:\xampp\htdocs\framework\db\ar\CActiveRecord.php(623): CApplication->getDb()
#5 C:\xampp\htdocs\framework\db\ar\CActiveRecord.php(2309): CActiveRecord->getDbConnection()
#6 C:\xampp\htdocs\framework\db\ar\CActiveRecord.php(387): CActiveRecordMetaData->__construct(Object(Organizations))
#7 C:\xampp\htdocs\oprecx\app\models\Organizations.php(38): CActiveRecord::model('Organizations')
#8 C:\xampp\htdocs\oprecx\app\controllers\SiteController.php(30): Organizations::model()
#9 C:\xampp\htdocs\framework\web\actions\CInlineAction.php(49): SiteController->actionIndex()
#10 C:\xampp\htdocs\framework\web\CController.php(308): CInlineAction->runWithParams(Array)
#11 C:\xampp\htdocs\framework\web\CController.php(286): CController->runAction(Object(CInlineAction))
#12 C:\xampp\htdocs\framework\web\CController.php(265): CController->runActionWithFilters(Object(CInlineAction), Array)
#13 C:\xampp\htdocs\framework\web\CWebApplication.php(282): CController->run('')
#14 C:\xampp\htdocs\framework\web\CWebApplication.php(141): CWebApplication->runController('')
#15 C:\xampp\htdocs\framework\base\CApplication.php(169): CWebApplication->processRequest()
#16 C:\xampp\htdocs\oprecx\index.php(16): CApplication->run()
#17 {main}
REQUEST_URI=/oprecx/index.php
---
2013/03/22 09:28:04 [error] [exception.CDbException] exception 'CDbException' with message 'CDbConnection failed to open the DB connection: SQLSTATE[HY000] [1045] Access denied for user 'oprecx'@'localhost' (using password: YES)' in C:\xampp\htdocs\framework\db\CDbConnection.php:381
Stack trace:
#0 C:\xampp\htdocs\framework\db\CDbConnection.php(330): CDbConnection->open()
#1 C:\xampp\htdocs\framework\db\CDbConnection.php(308): CDbConnection->setActive(true)
#2 C:\xampp\htdocs\framework\base\CModule.php(387): CDbConnection->init()
#3 C:\xampp\htdocs\framework\cli\commands\MigrateCommand.php(442): CModule->getComponent('db')
#4 C:\xampp\htdocs\framework\cli\commands\MigrateCommand.php(451): MigrateCommand->getDbConnection()
#5 C:\xampp\htdocs\framework\cli\commands\MigrateCommand.php(482): MigrateCommand->getMigrationHistory(-1)
#6 C:\xampp\htdocs\framework\cli\commands\MigrateCommand.php(84): MigrateCommand->getNewMigrations()
#7 [internal function]: MigrateCommand->actionUp(Array)
#8 C:\xampp\htdocs\framework\console\CConsoleCommand.php(172): ReflectionMethod->invokeArgs(Object(MigrateCommand), Array)
#9 C:\xampp\htdocs\framework\console\CConsoleCommandRunner.php(67): CConsoleCommand->run(Array)
#10 C:\xampp\htdocs\framework\console\CConsoleApplication.php(91): CConsoleCommandRunner->run(Array)
#11 C:\xampp\htdocs\framework\base\CApplication.php(169): CConsoleApplication->processRequest()
#12 C:\xampp\htdocs\framework\yiic.php(33): CApplication->run()
#13 C:\xampp\htdocs\oprecx\app\yiic.php(7): require_once('C:\xampp\htdocs...')
#14 {main}
---
2013/03/22 09:37:10 [error] [exception.CDbException] exception 'CDbException' with message 'CDbConnection failed to open the DB connection: SQLSTATE[HY000] [1045] Access denied for user 'oprecx'@'localhost' (using password: YES)' in C:\xampp\htdocs\framework\db\CDbConnection.php:381
Stack trace:
#0 C:\xampp\htdocs\framework\db\CDbConnection.php(330): CDbConnection->open()
#1 C:\xampp\htdocs\framework\db\CDbConnection.php(308): CDbConnection->setActive(true)
#2 C:\xampp\htdocs\framework\base\CModule.php(387): CDbConnection->init()
#3 C:\xampp\htdocs\framework\base\CApplication.php(438): CModule->getComponent('db')
#4 C:\xampp\htdocs\framework\db\ar\CActiveRecord.php(623): CApplication->getDb()
#5 C:\xampp\htdocs\framework\db\ar\CActiveRecord.php(2309): CActiveRecord->getDbConnection()
#6 C:\xampp\htdocs\framework\db\ar\CActiveRecord.php(387): CActiveRecordMetaData->__construct(Object(Organizations))
#7 C:\xampp\htdocs\oprecx\app\models\Organizations.php(38): CActiveRecord::model('Organizations')
#8 C:\xampp\htdocs\oprecx\app\controllers\SiteController.php(30): Organizations::model()
#9 C:\xampp\htdocs\framework\web\actions\CInlineAction.php(49): SiteController->actionIndex()
#10 C:\xampp\htdocs\framework\web\CController.php(308): CInlineAction->runWithParams(Array)
#11 C:\xampp\htdocs\framework\web\CController.php(286): CController->runAction(Object(CInlineAction))
#12 C:\xampp\htdocs\framework\web\CController.php(265): CController->runActionWithFilters(Object(CInlineAction), Array)
#13 C:\xampp\htdocs\framework\web\CWebApplication.php(282): CController->run('')
#14 C:\xampp\htdocs\framework\web\CWebApplication.php(141): CWebApplication->runController('')
#15 C:\xampp\htdocs\framework\base\CApplication.php(169): CWebApplication->processRequest()
#16 C:\xampp\htdocs\oprecx\index.php(16): CApplication->run()
#17 {main}
REQUEST_URI=/oprecx/index.php
---
2013/03/22 09:39:26 [error] [exception.CDbException] exception 'CDbException' with message 'CDbConnection failed to open the DB connection: SQLSTATE[HY000] [1045] Access denied for user 'oprecx'@'localhost' (using password: YES)' in C:\xampp\htdocs\framework\db\CDbConnection.php:381
Stack trace:
#0 C:\xampp\htdocs\framework\db\CDbConnection.php(330): CDbConnection->open()
#1 C:\xampp\htdocs\framework\db\CDbConnection.php(308): CDbConnection->setActive(true)
#2 C:\xampp\htdocs\framework\base\CModule.php(387): CDbConnection->init()
#3 C:\xampp\htdocs\framework\cli\commands\MigrateCommand.php(442): CModule->getComponent('db')
#4 C:\xampp\htdocs\framework\cli\commands\MigrateCommand.php(451): MigrateCommand->getDbConnection()
#5 C:\xampp\htdocs\framework\cli\commands\MigrateCommand.php(482): MigrateCommand->getMigrationHistory(-1)
#6 C:\xampp\htdocs\framework\cli\commands\MigrateCommand.php(84): MigrateCommand->getNewMigrations()
#7 [internal function]: MigrateCommand->actionUp(Array)
#8 C:\xampp\htdocs\framework\console\CConsoleCommand.php(172): ReflectionMethod->invokeArgs(Object(MigrateCommand), Array)
#9 C:\xampp\htdocs\framework\console\CConsoleCommandRunner.php(67): CConsoleCommand->run(Array)
#10 C:\xampp\htdocs\framework\console\CConsoleApplication.php(91): CConsoleCommandRunner->run(Array)
#11 C:\xampp\htdocs\framework\base\CApplication.php(169): CConsoleApplication->processRequest()
#12 C:\xampp\htdocs\framework\yiic.php(33): CApplication->run()
#13 C:\xampp\htdocs\oprecx\app\yiic.php(7): require_once('C:\xampp\htdocs...')
#14 {main}
---
2013/03/22 09:44:25 [error] [system.db.CDbCommand] CDbCommand::fetchAll() failed: SQLSTATE[42S02]: Base table or view not found: 1146 Table 'oprecx.oprecx_organizations' doesn't exist. The SQL statement executed was: SHOW FULL COLUMNS FROM `oprecx_organizations`.
in C:\xampp\htdocs\oprecx\app\models\Organizations.php (38)
in C:\xampp\htdocs\oprecx\app\controllers\SiteController.php (30)
in C:\xampp\htdocs\oprecx\index.php (16)
2013/03/22 09:44:25 [error] [exception.CDbException] exception 'CDbException' with message 'The table "{{organizations}}" for active record class "Organizations" cannot be found in the database.' in C:\xampp\htdocs\framework\db\ar\CActiveRecord.php:2310
Stack trace:
#0 C:\xampp\htdocs\framework\db\ar\CActiveRecord.php(387): CActiveRecordMetaData->__construct(Object(Organizations))
#1 C:\xampp\htdocs\oprecx\app\models\Organizations.php(38): CActiveRecord::model('Organizations')
#2 C:\xampp\htdocs\oprecx\app\controllers\SiteController.php(30): Organizations::model()
#3 C:\xampp\htdocs\framework\web\actions\CInlineAction.php(49): SiteController->actionIndex()
#4 C:\xampp\htdocs\framework\web\CController.php(308): CInlineAction->runWithParams(Array)
#5 C:\xampp\htdocs\framework\web\CController.php(286): CController->runAction(Object(CInlineAction))
#6 C:\xampp\htdocs\framework\web\CController.php(265): CController->runActionWithFilters(Object(CInlineAction), Array)
#7 C:\xampp\htdocs\framework\web\CWebApplication.php(282): CController->run('')
#8 C:\xampp\htdocs\framework\web\CWebApplication.php(141): CWebApplication->runController('')
#9 C:\xampp\htdocs\framework\base\CApplication.php(169): CWebApplication->processRequest()
#10 C:\xampp\htdocs\oprecx\index.php(16): CApplication->run()
#11 {main}
REQUEST_URI=/oprecx/index.php
---
2013/03/22 09:45:04 [error] [system.db.CDbCommand] CDbCommand::fetchAll() failed: SQLSTATE[42S02]: Base table or view not found: 1146 Table 'oprecx.tbl_migration' doesn't exist. The SQL statement executed was: SHOW FULL COLUMNS FROM `tbl_migration`.
